2017-05-22 00:37:43,097 INFO o.a.j.u.JMeterUtils: Setting Locale to en_US
2017-05-22 00:37:43,128 INFO o.a.j.JMeter: Loading user properties from: C:\dev\apache-jmeter-3.2\bin\user.properties
2017-05-22 00:37:43,128 INFO o.a.j.JMeter: Loading system properties from: C:\dev\apache-jmeter-3.2\bin\system.properties
2017-05-22 00:37:43,128 INFO o.a.j.JMeter: Copyright (c) 1998-2017 The Apache Software Foundation
2017-05-22 00:37:43,128 INFO o.a.j.JMeter: Version 3.2 r1790748
2017-05-22 00:37:43,128 INFO o.a.j.JMeter: java.version=1.8.0_131
2017-05-22 00:37:43,128 INFO o.a.j.JMeter: java.vm.name=Java HotSpot(TM) 64-Bit Server VM
2017-05-22 00:37:43,128 INFO o.a.j.JMeter: os.name=Windows 10
2017-05-22 00:37:43,128 INFO o.a.j.JMeter: os.arch=amd64
2017-05-22 00:37:43,128 INFO o.a.j.JMeter: os.version=10.0
2017-05-22 00:37:43,128 INFO o.a.j.JMeter: file.encoding=Cp1252
2017-05-22 00:37:43,128 INFO o.a.j.JMeter: Max memory     =536870912
2017-05-22 00:37:43,128 INFO o.a.j.JMeter: Available Processors =4
2017-05-22 00:37:43,144 INFO o.a.j.JMeter: Default Locale=English (United States)
2017-05-22 00:37:43,144 INFO o.a.j.JMeter: JMeter  Locale=English (United States)
2017-05-22 00:37:43,144 INFO o.a.j.JMeter: JMeterHome=C:\dev\apache-jmeter-3.2
2017-05-22 00:37:43,144 INFO o.a.j.JMeter: user.dir  =C:\dev\projects\periodic-table
2017-05-22 00:37:43,144 INFO o.a.j.JMeter: PWD       =C:\dev\projects\periodic-table
2017-05-22 00:37:43,144 INFO o.a.j.JMeter: IP: 192.168.0.104 Name: GPLPL0050 FullName: GPLPL0050
2017-05-22 00:37:43,378 INFO o.a.j.g.a.LookAndFeelCommand: Using look and feel: javax.swing.plaf.metal.MetalLookAndFeel [Metal, CrossPlatform]
2017-05-22 00:37:43,394 INFO o.a.j.JMeter: Loaded icon properties from org/apache/jmeter/images/icon.properties
2017-05-22 00:37:44,065 INFO o.a.j.e.u.CompoundVariable: Note: Function class names must contain the string: '.functions.'
2017-05-22 00:37:44,065 INFO o.a.j.e.u.CompoundVariable: Note: Function class names must not contain the string: '.gui.'
2017-05-22 00:37:45,019 INFO o.a.j.g.u.MenuFactory: Skipping org.apache.jmeter.assertions.BSFAssertion
2017-05-22 00:37:45,065 INFO o.a.j.JMeter: Loading file: .\src\test\jmeter\tests\prtbl.jmx
2017-05-22 00:37:45,065 INFO o.a.j.s.FileServer: Default base='C:\dev\projects\periodic-table'
2017-05-22 00:37:45,065 INFO o.a.j.s.FileServer: Set new base='C:\dev\projects\periodic-table\.\src\test\jmeter\tests'
2017-05-22 00:37:45,284 INFO o.a.j.s.SaveService: Testplan (JMX) version: 2.2. Testlog (JTL) version: 2.2
2017-05-22 00:37:45,315 INFO o.a.j.s.SaveService: Using SaveService properties file encoding UTF-8
2017-05-22 00:37:45,315 INFO o.a.j.s.SaveService: Using SaveService properties version 3.2
2017-05-22 00:37:45,315 INFO o.a.j.s.SaveService: Loading file: .\src\test\jmeter\tests\prtbl.jmx
2017-05-22 00:37:45,519 INFO o.a.j.p.h.s.HTTPSamplerBase: Parser for text/html is org.apache.jmeter.protocol.http.parser.LagartoBasedHtmlParser
2017-05-22 00:37:45,519 INFO o.a.j.p.h.s.HTTPSamplerBase: Parser for application/xhtml+xml is org.apache.jmeter.protocol.http.parser.LagartoBasedHtmlParser
2017-05-22 00:37:45,519 INFO o.a.j.p.h.s.HTTPSamplerBase: Parser for application/xml is org.apache.jmeter.protocol.http.parser.LagartoBasedHtmlParser
2017-05-22 00:37:45,519 INFO o.a.j.p.h.s.HTTPSamplerBase: Parser for text/xml is org.apache.jmeter.protocol.http.parser.LagartoBasedHtmlParser
2017-05-22 00:37:45,519 INFO o.a.j.p.h.s.HTTPSamplerBase: Parser for text/vnd.wap.wml is org.apache.jmeter.protocol.http.parser.RegexpHTMLParser
2017-05-22 00:37:45,519 INFO o.a.j.p.h.s.HTTPSamplerBase: Parser for text/css is org.apache.jmeter.protocol.http.parser.CssParser
2017-05-22 00:37:45,550 INFO o.a.j.s.FileServer: Set new base='C:\dev\projects\periodic-table\.\src\test\jmeter\tests'
2017-05-22 00:37:45,628 INFO o.a.j.s.SampleResult: Note: Sample TimeStamps are START times
2017-05-22 00:37:45,628 INFO o.a.j.s.SampleResult: sampleresult.default.encoding is set to ISO-8859-1
2017-05-22 00:37:45,628 INFO o.a.j.s.SampleResult: sampleresult.useNanoTime=true
2017-05-22 00:37:45,628 INFO o.a.j.s.SampleResult: sampleresult.nanoThreadSleep=5000
2017-05-22 00:37:45,784 INFO o.a.j.g.u.MenuFactory: Skipping org.apache.jmeter.extractor.BSFPostProcessor
2017-05-22 00:37:45,862 INFO o.a.j.g.u.MenuFactory: Skipping org.apache.jmeter.modifiers.BSFPreProcessor
2017-05-22 00:37:46,434 INFO o.a.j.e.KeyToolUtils: keytool found at 'keytool'
2017-05-22 00:37:46,434 INFO o.a.j.p.h.p.ProxyControl: HTTP(S) Test Script Recorder SSL Proxy will use keys that support embedded 3rd party resources in file C:\dev\apache-jmeter-3.2\bin\proxyserver.jks
2017-05-22 00:37:46,544 INFO o.a.j.g.u.MenuFactory: Skipping org.apache.jmeter.protocol.java.sampler.BSFSampler
2017-05-22 00:37:46,684 INFO o.a.j.g.u.MenuFactory: Skipping org.apache.jmeter.protocol.mongodb.config.MongoSourceElement
2017-05-22 00:37:46,684 INFO o.a.j.g.u.MenuFactory: Skipping org.apache.jmeter.protocol.mongodb.sampler.MongoScriptSampler
2017-05-22 00:37:47,278 INFO o.a.j.g.u.MenuFactory: Skipping org.apache.jmeter.timers.BSFTimer
2017-05-22 00:37:47,294 INFO o.a.j.g.u.MenuFactory: Skipping org.apache.jmeter.visualizers.BSFListener
2017-05-22 00:38:38,472 INFO o.a.j.e.StandardJMeterEngine: Running the test!
2017-05-22 00:38:38,474 INFO o.a.j.s.SampleEvent: List of sample_variables: []
2017-05-22 00:38:38,474 INFO o.a.j.s.SampleEvent: List of sample_variables: []
2017-05-22 00:38:38,483 INFO o.a.j.p.j.t.JavaTest: Created class: org.apache.jmeter.protocol.java.test.JavaTest. Uses tearDownTest: false
2017-05-22 00:38:38,484 INFO o.a.j.p.j.t.JavaTest: Created class: org.apache.jmeter.protocol.java.test.JavaTest. Uses tearDownTest: false
2017-05-22 00:38:38,484 INFO o.a.j.p.j.t.JavaTest: Created class: org.apache.jmeter.protocol.java.test.JavaTest. Uses tearDownTest: false
2017-05-22 00:38:38,484 INFO o.a.j.g.u.JMeterMenuBar: setRunning(true, *local*)
2017-05-22 00:38:38,487 INFO o.a.j.e.StandardJMeterEngine: Starting setUp thread groups
2017-05-22 00:38:38,488 INFO o.a.j.e.StandardJMeterEngine: Starting setUp ThreadGroup: 1 : setUp Thread Group
2017-05-22 00:38:38,488 INFO o.a.j.e.StandardJMeterEngine: Starting 1 threads for group setUp Thread Group.
2017-05-22 00:38:38,488 INFO o.a.j.e.StandardJMeterEngine: Thread will continue on error
2017-05-22 00:38:38,488 INFO o.a.j.t.ThreadGroup: Starting thread group... number=1 threads=1 ramp-up=1 perThread=1000.0 delayedStart=false
2017-05-22 00:38:38,493 INFO o.a.j.t.ThreadGroup: Started thread group number 1
2017-05-22 00:38:38,493 INFO o.a.j.e.StandardJMeterEngine: Waiting for all setup thread groups to exit
2017-05-22 00:38:38,496 INFO o.a.j.t.JMeterThread: Thread started: setUp Thread Group 1-1
2017-05-22 00:38:38,745 INFO o.a.j.t.JMeterThread: Thread is done: setUp Thread Group 1-1
2017-05-22 00:38:38,745 INFO o.a.j.t.JMeterThread: Thread finished: setUp Thread Group 1-1
2017-05-22 00:38:38,746 INFO o.a.j.e.StandardJMeterEngine: All Setup Threads have ended
2017-05-22 00:38:38,954 INFO o.a.j.e.StandardJMeterEngine: Starting ThreadGroup: 1 : Thread Group: Tests
2017-05-22 00:38:38,954 INFO o.a.j.e.StandardJMeterEngine: Starting 1 threads for group Thread Group: Tests.
2017-05-22 00:38:38,954 INFO o.a.j.e.StandardJMeterEngine: Thread will continue on error
2017-05-22 00:38:38,954 INFO o.a.j.t.ThreadGroup: Starting thread group... number=1 threads=1 ramp-up=1 perThread=1000.0 delayedStart=false
2017-05-22 00:38:38,956 INFO o.a.j.t.ThreadGroup: Started thread group number 1
2017-05-22 00:38:38,956 INFO o.a.j.e.StandardJMeterEngine: Waiting for thread group: Thread Group: Tests to finish before starting next group
2017-05-22 00:38:38,962 INFO o.a.j.t.JMeterThread: Thread started: Thread Group: Tests 1-1
2017-05-22 00:38:38,964 INFO o.a.j.s.FileServer: Stored: ./src/test/jmeter/fixtures/env/dev\endpoints.csv
2017-05-22 00:38:39,586 INFO o.a.j.p.h.s.HTTPHCAbstractImpl: Local host = GPLPL0050
2017-05-22 00:38:39,591 INFO o.a.j.p.h.s.HTTPHC4Impl: HTTP request retry count = 0
2017-05-22 00:38:43,100 INFO o.a.j.t.JMeterThread: Thread is done: Thread Group: Tests 1-1
2017-05-22 00:38:43,100 INFO o.a.j.t.JMeterThread: Thread finished: Thread Group: Tests 1-1
2017-05-22 00:38:43,100 INFO o.a.j.e.StandardJMeterEngine: Starting ThreadGroup: 2 : Thread Group: Shutdown
2017-05-22 00:38:43,100 INFO o.a.j.e.StandardJMeterEngine: Starting 1 threads for group Thread Group: Shutdown.
2017-05-22 00:38:43,100 INFO o.a.j.e.StandardJMeterEngine: Thread will continue on error
2017-05-22 00:38:43,100 INFO o.a.j.t.ThreadGroup: Starting thread group... number=2 threads=1 ramp-up=1 perThread=1000.0 delayedStart=false
2017-05-22 00:38:43,115 INFO o.a.j.t.ThreadGroup: Started thread group number 2
2017-05-22 00:38:43,115 INFO o.a.j.e.StandardJMeterEngine: Waiting for thread group: Thread Group: Shutdown to finish before starting next group
2017-05-22 00:38:43,115 INFO o.a.j.t.JMeterThread: Thread started: Thread Group: Shutdown 2-1
2017-05-22 00:38:43,131 INFO o.a.j.t.JMeterThread: Thread is done: Thread Group: Shutdown 2-1
2017-05-22 00:38:43,131 INFO o.a.j.t.JMeterThread: Thread finished: Thread Group: Shutdown 2-1
2017-05-22 00:38:43,131 INFO o.a.j.e.StandardJMeterEngine: All thread groups have been started
2017-05-22 00:38:43,131 INFO o.a.j.e.StandardJMeterEngine: Starting tearDown thread groups
2017-05-22 00:38:43,131 INFO o.a.j.e.StandardJMeterEngine: Starting tearDown ThreadGroup: 1 : tearDown Thread Group
2017-05-22 00:38:43,131 INFO o.a.j.e.StandardJMeterEngine: Starting 1 threads for group tearDown Thread Group.
2017-05-22 00:38:43,131 INFO o.a.j.e.StandardJMeterEngine: Thread will continue on error
2017-05-22 00:38:43,131 INFO o.a.j.t.ThreadGroup: Starting thread group... number=1 threads=1 ramp-up=1 perThread=1000.0 delayedStart=false
2017-05-22 00:38:43,131 INFO o.a.j.t.ThreadGroup: Started thread group number 1
2017-05-22 00:38:43,131 INFO o.a.j.t.JMeterThread: Thread started: tearDown Thread Group 1-1
2017-05-22 00:38:43,235 INFO o.a.j.t.JMeterThread: Thread is done: tearDown Thread Group 1-1
2017-05-22 00:38:43,235 INFO o.a.j.t.JMeterThread: Thread finished: tearDown Thread Group 1-1
2017-05-22 00:38:43,235 INFO o.a.j.e.StandardJMeterEngine: Notifying test listeners of end of test
2017-05-22 00:38:43,235 INFO o.a.j.s.FileServer: Close: ./src/test/jmeter/fixtures/env/dev\endpoints.csv
2017-05-22 00:38:43,235 INFO o.a.j.g.u.JMeterMenuBar: setRunning(false, *local*)
