2017/05/29 21:29:10 INFO  - jmeter.util.JMeterUtils: Setting Locale to en_US 
2017/05/29 21:29:10 INFO  - jmeter.JMeter: Loading user properties from: C:\Users\abala\.bzt\jmeter-taurus\bin\user.properties 
2017/05/29 21:29:10 INFO  - jmeter.JMeter: Loading system properties from: C:\Users\abala\.bzt\jmeter-taurus\bin\system.properties 
2017/05/29 21:29:10 INFO  - jmeter.JMeter: Setting System properties from file: C:\dev\projects\periodic-table\2017-05-29_21-29-07.574000\system.properties 
2017/05/29 21:29:10 INFO  - jmeter.JMeter: Copyright (c) 1998-2016 The Apache Software Foundation 
2017/05/29 21:29:10 INFO  - jmeter.JMeter: Version 3.1 r1770033 
2017/05/29 21:29:10 INFO  - jmeter.JMeter: java.version=1.8.0_131 
2017/05/29 21:29:10 INFO  - jmeter.JMeter: java.vm.name=Java HotSpot(TM) 64-Bit Server VM 
2017/05/29 21:29:10 INFO  - jmeter.JMeter: os.name=Windows 10 
2017/05/29 21:29:10 INFO  - jmeter.JMeter: os.arch=amd64 
2017/05/29 21:29:10 INFO  - jmeter.JMeter: os.version=10.0 
2017/05/29 21:29:10 INFO  - jmeter.JMeter: file.encoding=Cp1252 
2017/05/29 21:29:10 INFO  - jmeter.JMeter: Max memory     =523763712 
2017/05/29 21:29:10 INFO  - jmeter.JMeter: Available Processors =4 
2017/05/29 21:29:10 INFO  - jmeter.JMeter: Default Locale=English (United States) 
2017/05/29 21:29:10 INFO  - jmeter.JMeter: JMeter  Locale=English (United States) 
2017/05/29 21:29:10 INFO  - jmeter.JMeter: JMeterHome=C:\Users\abala\.bzt\jmeter-taurus 
2017/05/29 21:29:10 INFO  - jmeter.JMeter: user.dir  =C:\dev\projects\periodic-table 
2017/05/29 21:29:10 INFO  - jmeter.JMeter: PWD       =C:\dev\projects\periodic-table 
2017/05/29 21:29:10 INFO  - jmeter.JMeter: IP: 192.168.0.104 Name: GPLPL0050 FullName: GPLPL0050 
2017/05/29 21:29:10 INFO  - jmeter.JMeter: user.classpath=C:/dev/projects/periodic-table/2017-05-29_21-29-07.574000 
2017/05/29 21:29:10 INFO  - jmeter.JMeter: Adding to classpath and loader: C:/dev/projects/periodic-table/2017-05-29_21-29-07.574000 
2017/05/29 21:29:10 INFO  - jmeter.services.FileServer: Default base='C:\dev\projects\periodic-table' 
2017/05/29 21:29:10 INFO  - jmeter.services.FileServer: Set new base='C:\dev\projects\periodic-table\2017-05-29_21-29-07.574000' 
2017/05/29 21:29:10 INFO  - jmeter.save.SaveService: Testplan (JMX) version: 2.2. Testlog (JTL) version: 2.2 
2017/05/29 21:29:10 INFO  - jmeter.save.SaveService: Using SaveService properties file encoding UTF-8 
2017/05/29 21:29:10 INFO  - jmeter.save.SaveService: Using SaveService properties version 3.1 
2017/05/29 21:29:10 INFO  - jmeter.save.SaveService: All converter versions present and correct 
2017/05/29 21:29:10 INFO  - jmeter.save.SaveService: Loading file: C:\dev\projects\periodic-table\2017-05-29_21-29-07.574000\modified_requests.jmx 
2017/05/29 21:29:10 INFO  - jmeter.protocol.http.control.CacheManager: Will only cache the following methods: [GET] 
2017/05/29 21:29:10 INFO  - jmeter.protocol.http.control.CookieManager: Settings: Delete null: true Check: true Allow variable: true Save: false Prefix: COOKIE_ 
2017/05/29 21:29:10 INFO  - jmeter.protocol.http.sampler.HTTPSamplerBase: Parser for text/html is org.apache.jmeter.protocol.http.parser.LagartoBasedHtmlParser 
2017/05/29 21:29:10 INFO  - jmeter.protocol.http.sampler.HTTPSamplerBase: Parser for application/xhtml+xml is org.apache.jmeter.protocol.http.parser.LagartoBasedHtmlParser 
2017/05/29 21:29:10 INFO  - jmeter.protocol.http.sampler.HTTPSamplerBase: Parser for application/xml is org.apache.jmeter.protocol.http.parser.LagartoBasedHtmlParser 
2017/05/29 21:29:10 INFO  - jmeter.protocol.http.sampler.HTTPSamplerBase: Parser for text/xml is org.apache.jmeter.protocol.http.parser.LagartoBasedHtmlParser 
2017/05/29 21:29:10 INFO  - jmeter.protocol.http.sampler.HTTPSamplerBase: Parser for text/vnd.wap.wml is org.apache.jmeter.protocol.http.parser.RegexpHTMLParser 
2017/05/29 21:29:10 INFO  - jmeter.protocol.http.sampler.HTTPSamplerBase: Parser for text/css is org.apache.jmeter.protocol.http.parser.CssParser 
2017/05/29 21:29:10 INFO  - jmeter.engine.StandardJMeterEngine: Running the test! 
2017/05/29 21:29:10 INFO  - jmeter.samplers.SampleEvent: List of sample_variables: [] 
2017/05/29 21:29:10 INFO  - jmeter.samplers.SampleEvent: List of sample_variables: [] 
2017/05/29 21:29:10 INFO  - jmeter.engine.util.CompoundVariable: Note: Function class names must contain the string: '.functions.' 
2017/05/29 21:29:10 INFO  - jmeter.engine.util.CompoundVariable: Note: Function class names must not contain the string: '.gui.' 
2017/05/29 21:29:10 INFO  - jmeter.JMeter: Running test (1496086150781) 
2017/05/29 21:29:10 INFO  - jmeter.engine.StandardJMeterEngine: Starting ThreadGroup: 1 : ThreadGroup 
2017/05/29 21:29:10 INFO  - jmeter.engine.StandardJMeterEngine: Starting 10 threads for group ThreadGroup. 
2017/05/29 21:29:10 INFO  - jmeter.engine.StandardJMeterEngine: Thread will continue on error 
2017/05/29 21:29:10 INFO  - jmeter.threads.ThreadGroup: Starting thread group number 1 threads 10 ramp-up 10 perThread 1000.0 delayedStart=false 
2017/05/29 21:29:10 INFO  - jmeter.threads.JMeterThread: Thread started: ThreadGroup 1-1 
2017/05/29 21:29:10 INFO  - jmeter.threads.ThreadGroup: Started thread group number 1 
2017/05/29 21:29:10 INFO  - jmeter.engine.StandardJMeterEngine: All thread groups have been started 
2017/05/29 21:29:11 INFO  - jmeter.protocol.http.sampler.HTTPHCAbstractImpl: Local host = GPLPL0050 
2017/05/29 21:29:11 INFO  - jmeter.protocol.http.sampler.HTTPHC4Impl: HTTP request retry count = 0 
2017/05/29 21:29:11 INFO  - jmeter.samplers.SampleResult: Note: Sample TimeStamps are START times 
2017/05/29 21:29:11 INFO  - jmeter.samplers.SampleResult: sampleresult.default.encoding is set to UTF-8 
2017/05/29 21:29:11 INFO  - jmeter.samplers.SampleResult: sampleresult.useNanoTime=true 
2017/05/29 21:29:11 INFO  - jmeter.samplers.SampleResult: sampleresult.nanoThreadSleep=5000 
2017/05/29 21:29:11 INFO  - jmeter.threads.JMeterThread: Thread started: ThreadGroup 1-2 
2017/05/29 21:29:12 INFO  - jmeter.threads.JMeterThread: Thread started: ThreadGroup 1-3 
2017/05/29 21:29:13 INFO  - jmeter.threads.JMeterThread: Thread started: ThreadGroup 1-4 
2017/05/29 21:29:14 INFO  - jmeter.threads.JMeterThread: Thread started: ThreadGroup 1-5 
2017/05/29 21:29:15 INFO  - jmeter.threads.JMeterThread: Thread started: ThreadGroup 1-6 
2017/05/29 21:29:16 INFO  - jmeter.threads.JMeterThread: Thread started: ThreadGroup 1-7 
2017/05/29 21:29:17 INFO  - jmeter.threads.JMeterThread: Thread started: ThreadGroup 1-8 
2017/05/29 21:29:18 INFO  - jmeter.threads.JMeterThread: Thread started: ThreadGroup 1-9 
2017/05/29 21:29:19 INFO  - jmeter.threads.JMeterThread: Thread started: ThreadGroup 1-10 
2017/05/29 21:29:50 INFO  - jmeter.threads.JMeterThread: Stopping because end time detected by thread: ThreadGroup 1-8 
2017/05/29 21:29:50 INFO  - jmeter.threads.JMeterThread: Thread finished: ThreadGroup 1-8 
2017/05/29 21:29:50 INFO  - jmeter.threads.JMeterThread: Stopping because end time detected by thread: ThreadGroup 1-5 
2017/05/29 21:29:50 INFO  - jmeter.threads.JMeterThread: Thread finished: ThreadGroup 1-5 
2017/05/29 21:29:50 INFO  - jmeter.threads.JMeterThread: Stopping because end time detected by thread: ThreadGroup 1-1 
2017/05/29 21:29:50 INFO  - jmeter.threads.JMeterThread: Thread finished: ThreadGroup 1-1 
2017/05/29 21:29:50 INFO  - jmeter.threads.JMeterThread: Stopping because end time detected by thread: ThreadGroup 1-10 
2017/05/29 21:29:50 INFO  - jmeter.threads.JMeterThread: Thread finished: ThreadGroup 1-10 
2017/05/29 21:29:50 INFO  - jmeter.threads.JMeterThread: Stopping because end time detected by thread: ThreadGroup 1-2 
2017/05/29 21:29:50 INFO  - jmeter.threads.JMeterThread: Stopping because end time detected by thread: ThreadGroup 1-3 
2017/05/29 21:29:50 INFO  - jmeter.threads.JMeterThread: Thread finished: ThreadGroup 1-2 
2017/05/29 21:29:50 INFO  - jmeter.threads.JMeterThread: Thread finished: ThreadGroup 1-3 
2017/05/29 21:29:50 INFO  - jmeter.threads.JMeterThread: Stopping because end time detected by thread: ThreadGroup 1-7 
2017/05/29 21:29:50 INFO  - jmeter.threads.JMeterThread: Thread finished: ThreadGroup 1-7 
2017/05/29 21:29:50 INFO  - jmeter.threads.JMeterThread: Stopping because end time detected by thread: ThreadGroup 1-6 
2017/05/29 21:29:50 INFO  - jmeter.threads.JMeterThread: Thread finished: ThreadGroup 1-6 
2017/05/29 21:29:50 INFO  - jmeter.threads.JMeterThread: Stopping because end time detected by thread: ThreadGroup 1-4 
2017/05/29 21:29:50 INFO  - jmeter.threads.JMeterThread: Thread finished: ThreadGroup 1-4 
2017/05/29 21:29:50 INFO  - jmeter.threads.JMeterThread: Stopping because end time detected by thread: ThreadGroup 1-9 
2017/05/29 21:29:50 INFO  - jmeter.threads.JMeterThread: Thread finished: ThreadGroup 1-9 
2017/05/29 21:29:50 INFO  - jmeter.engine.StandardJMeterEngine: Notifying test listeners of end of test 
2017/05/29 21:29:50 INFO  - jmeter.engine.StandardJMeterEngine: Forced JVM shutdown requested at end of test 
